This is pdfeTeX, Version 3.141592-1.30.6-2.2 (MiKTeX 2.5) (preloaded format=latex 2006.9.2)  29 OCT 2006 14:59
entering extended mode
**D:/classes/latex_math.tex
(D:\classes\latex_math.tex
LaTeX2e <2005/12/01>
Babel <v3.8g> and hyphenation patterns for english, dumylang, nohyphenation, ge
rman, ngerman, french, loaded.
("C:\Program Files\MiKTeX 2.5\tex\latex\beamer\base\beamer.cls"
("C:\Program Files\MiKTeX 2.5\tex\latex\beamer\base\beamerbasercs.sty"
Package: beamerbasercs 2004/10/07 (rcs-revision 1.3)
)
Document Class: beamer 2005/10/23 cvs version 3.06 A class for typesetting pres
entations (rcs-revision 1.67)
("C:\Program Files\MiKTeX 2.5\tex\latex\beamer\base\beamerbasemodes.sty"
Package: beamerbasemodes 2004/12/09 (rcs-revision 1.21)
\beamer@tempbox=\box26
\beamer@tempcount=\count79
\c@beamerpauses=\count80

("C:\Program Files\MiKTeX 2.5\tex\latex\beamer\base\beamerbasedecode.sty"
Package: beamerbasedecode 2005/05/09 (rcs-revision 1.18)
\beamer@slideinframe=\count81
\beamer@minimum=\count82
)
\beamer@commentbox=\box27
\beamer@modecount=\count83
)
\headheight=\dimen102
\headdp=\dimen103
\footheight=\dimen104
\sidebarheight=\dimen105
\beamer@tempdim=\dimen106
\beamer@finalheight=\dimen107
\beamer@animht=\dimen108
\beamer@animdp=\dimen109
\beamer@animwd=\dimen110
\beamer@leftmargin=\dimen111
\beamer@rightmargin=\dimen112
\beamer@leftsidebar=\dimen113
\beamer@rightsidebar=\dimen114
\beamer@boxsize=\dimen115
\beamer@vboxoffset=\dimen116
\beamer@descdefault=\dimen117
\beamer@descriptionwidth=\dimen118
\beamer@lastskip=\skip41
\beamer@areabox=\box28
\beamer@animcurrent=\box29
\beamer@animshowbox=\box30
\beamer@sectionbox=\box31
\beamer@logobox=\box32
\beamer@linebox=\box33
\beamer@sectioncount=\count84
\beamer@subsubsectionmax=\count85
\beamer@subsectionmax=\count86
\beamer@sectionmax=\count87
\beamer@totalheads=\count88
\beamer@headcounter=\count89
\beamer@partstartpage=\count90
\beamer@sectionstartpage=\count91
\beamer@subsectionstartpage=\count92
\beamer@animationtempa=\count93
\beamer@animationtempb=\count94
\beamer@xpos=\count95
\beamer@ypos=\count96
\beamer@showpartnumber=\count97
\beamer@currentsubsection=\count98
\beamer@coveringdepth=\count99
\beamer@sectionadjust=\count100
\beamer@tocsectionnumber=\count101

("C:\Program Files\MiKTeX 2.5\tex\latex\beamer\base\beamerbaseoptions.sty"
Package: beamerbaseoptions 2004/11/15 (rcs-revision 1.7)

("C:\Program Files\MiKTeX 2.5\tex\latex\graphics\keyval.sty"
Package: keyval 1999/03/16 v1.13 key=value parser (DPC)
\KV@toks@=\toks14
))
("C:\Program Files\MiKTeX 2.5\tex\latex\pgf\basiclayer\pgfcore.sty"
("C:\Program Files\MiKTeX 2.5\tex\latex\graphics\graphicx.sty"
Package: graphicx 1999/02/16 v1.0f Enhanced LaTeX Graphics (DPC,SPQR)

("C:\Program Files\MiKTeX 2.5\tex\latex\graphics\graphics.sty"
Package: graphics 2006/02/20 v1.0o Standard LaTeX Graphics (DPC,SPQR)

("C:\Program Files\MiKTeX 2.5\tex\latex\graphics\trig.sty"
Package: trig 1999/03/16 v1.09 sin cos tan (DPC)
)
("C:\Program Files\MiKTeX 2.5\tex\latex\00miktex\graphics.cfg"
File: graphics.cfg 2005/12/29 v1.2 MiKTeX 'graphics' configuration
)
Package graphics Info: Driver file: dvips.def on input line 90.

("C:\Program Files\MiKTeX 2.5\tex\latex\graphics\dvips.def"
File: dvips.def 1999/02/16 v3.0i Driver-dependant file (DPC,SPQR)
))
\Gin@req@height=\dimen119
\Gin@req@width=\dimen120
)
("C:\Program Files\MiKTeX 2.5\tex\latex\pgf\systemlayer\pgfsys.sty"
("C:\Program Files\MiKTeX 2.5\tex\latex\pgf\utilities\pgfrcs.sty"
("C:\Program Files\MiKTeX 2.5\tex\generic\pgf\utilities\pgfrcs.code.tex"
Package: pgfrcs 2005/11/14 v1.01 (rcs-revision 1.8)
))
("C:\Program Files\MiKTeX 2.5\tex\generic\pgf\systemlayer\pgfsys.code.tex"
Package: pgfsys 2005/10/18 v1.01 (rcs-revision 1.9)
\pgf@x=\dimen121
\pgf@y=\dimen122
\pgf@xa=\dimen123
\pgf@ya=\dimen124
\pgf@xb=\dimen125
\pgf@yb=\dimen126
\pgf@xc=\dimen127
\pgf@yc=\dimen128

("C:\Program Files\MiKTeX 2.5\tex\generic\pgf\systemlayer\pgf.cfg"
File: pgf.cfg 2005/06/29 (rcs-revision 1.1.1.1)
)
Package pgfsys Info: Driver file for pgf: pgfsys-dvips.def on input line 759.

("C:\Program Files\MiKTeX 2.5\tex\generic\pgf\systemlayer\pgfsys-dvips.def"
File: pgfsys-dvips.def 2005/10/25 (rcs-revision 1.10)

("C:\Program Files\MiKTeX 2.5\tex\generic\pgf\systemlayer\pgfsys-common-postscr
ipt.def"
File: pgfsys-common-postscript.def 2005/10/25 (rcs-revision 1.7)
\pgf@objectcount=\count102
)))
("C:\Program Files\MiKTeX 2.5\tex\generic\pgf\systemlayer\pgfsyssoftpath.code.t
ex"
File: pgfsyssoftpath.code.tex 2005/06/29 (rcs-revision 1.1.1.1)
)
("C:\Program Files\MiKTeX 2.5\tex\generic\pgf\systemlayer\pgfsysprotocol.code.t
ex"
File: pgfsysprotocol.code.tex 2005/06/29 (rcs-revision 1.1.1.1)
)) ("C:\Program Files\MiKTeX 2.5\tex\latex\xcolor\xcolor.sty"
Package: xcolor 2005/12/21 v2.09 LaTeX color extensions (UK)

("C:\Program Files\MiKTeX 2.5\tex\latex\00miktex\color.cfg"
File: color.cfg 2005/12/29 v1.1 MiKTeX 'color' configuration
)
Package xcolor Info: Driver file: dvips.def on input line 220.
Package xcolor Info: Model `cmy' substituted by `cmy0' on input line 1328.
Package xcolor Info: Model `RGB' extended on input line 1344.
Package xcolor Info: Model `HTML' substituted by `rgb' on input line 1346.
Package xcolor Info: Model `Hsb' substituted by `hsb' on input line 1347.
Package xcolor Info: Model `tHsb' substituted by `hsb' on input line 1348.
Package xcolor Info: Model `HSB' substituted by `hsb' on input line 1349.
Package xcolor Info: Model `Gray' substituted by `gray' on input line 1350.
Package xcolor Info: Model `wave' substituted by `hsb' on input line 1351.
)
("C:\Program Files\MiKTeX 2.5\tex\generic\pgf\basiclayer\pgfcore.code.tex"
Package: pgfcore 2005/10/25 v1.01 (rcs-revision 1.3)

("C:\Program Files\MiKTeX 2.5\tex\generic\pgf\basiclayer\pgfcoremath.code.tex"
File: pgfcoremath.code.tex 2005/06/29 (rcs-revision 1.1.1.1)
\c@pgf@counta=\count103
\c@pgf@countb=\count104
\c@pgf@countc=\count105
\c@pgf@countd=\count106
) ("C:\Program Files\MiKTeX 2.5\tex\generic\pgf\basiclayer\pgfcorepoints.code.t
ex"
File: pgfcorepoints.code.tex 2005/06/29 (rcs-revision 1.1.1.1)
\pgf@picminx=\dimen129
\pgf@picmaxx=\dimen130
\pgf@picminy=\dimen131
\pgf@picmaxy=\dimen132
\pgf@pathminx=\dimen133
\pgf@pathmaxx=\dimen134
\pgf@pathminy=\dimen135
\pgf@pathmaxy=\dimen136
\pgf@tempdim=\dimen137
\c@pgf@tempcount=\count107
\pgf@xx=\dimen138
\pgf@xy=\dimen139
\pgf@yx=\dimen140
\pgf@yy=\dimen141
\pgf@zx=\dimen142
\pgf@zy=\dimen143
)
("C:\Program Files\MiKTeX 2.5\tex\generic\pgf\basiclayer\pgfcorepathconstruct.c
ode.tex"
File: pgfcorepathconstruct.code.tex 2005/10/25 (rcs-revision 1.1)
\pgf@path@lastx=\dimen144
\pgf@path@lasty=\dimen145
)
("C:\Program Files\MiKTeX 2.5\tex\generic\pgf\basiclayer\pgfcorepathusage.code.
tex"
File: pgfcorepathusage.code.tex 2005/07/17 (rcs-revision 1.2)
\pgf@shorten@end@additional=\dimen146
\pgf@shorten@start@additional=\dimen147
)
("C:\Program Files\MiKTeX 2.5\tex\generic\pgf\basiclayer\pgfcorescopes.code.tex
"
File: pgfcorescopes.code.tex 2005/11/15 (rcs-revision 1.12)
\pgfpic=\box34
\pgf@hbox=\box35
\pgf@layerbox@main=\box36
)
("C:\Program Files\MiKTeX 2.5\tex\generic\pgf\basiclayer\pgfcoregraphicstate.co
de.tex"
File: pgfcoregraphicstate.code.tex 2005/09/21 (rcs-revision 1.3)
\pgflinewidth=\dimen148
)
("C:\Program Files\MiKTeX 2.5\tex\generic\pgf\basiclayer\pgfcoretransformations
.code.tex"
File: pgfcoretransformations.code.tex 2005/06/29 (rcs-revision 1.1.1.1)
\pgf@pt@x=\dimen149
\pgf@pt@y=\dimen150
\pgf@pt@temp=\dimen151
)
("C:\Program Files\MiKTeX 2.5\tex\generic\pgf\basiclayer\pgfcorequick.code.tex"
File: pgfcorequick.code.tex 2005/06/29 (rcs-revision 1.1.1.1)
)
("C:\Program Files\MiKTeX 2.5\tex\generic\pgf\basiclayer\pgfcoreobjects.code.te
x"
File: pgfcoreobjects.code.tex 2005/06/29 (rcs-revision 1.1.1.1)
)
("C:\Program Files\MiKTeX 2.5\tex\generic\pgf\basiclayer\pgfcorepathprocessing.
code.tex"
File: pgfcorepathprocessing.code.tex 2005/10/03 (rcs-revision 1.2)
)
("C:\Program Files\MiKTeX 2.5\tex\generic\pgf\basiclayer\pgfcorearrows.code.tex
"
File: pgfcorearrows.code.tex 2005/07/10 (rcs-revision 1.2)
)
("C:\Program Files\MiKTeX 2.5\tex\generic\pgf\basiclayer\pgfcoreshade.code.tex"
File: pgfcoreshade.code.tex 2005/07/17 (rcs-revision 1.3)
\pgf@max=\dimen152
\pgf@sys@shading@range@num=\count108
))) ("C:\Program Files\MiKTeX 2.5\tex\latex\pgf\basiclayer\pgfbaseimage.sty"
("C:\Program Files\MiKTeX 2.5\tex\generic\pgf\basiclayer\pgfbaseimage.code.tex"
Package: pgfbaseimage 2005/07/06 v1.01 (rcs-revision 1.2)
)) ("C:\Program Files\MiKTeX 2.5\tex\latex\pgf\utilities\xxcolor.sty"
Package: xxcolor 2003/10/24 ver 0.1
\XC@nummixins=\count109
\XC@countmixins=\count110
)
("C:\Program Files\MiKTeX 2.5\tex\latex\amsfonts\amssymb.sty"
Package: amssymb 2002/01/22 v2.2d

("C:\Program Files\MiKTeX 2.5\tex\latex\amsfonts\amsfonts.sty"
Package: amsfonts 2001/10/25 v2.2f
\@emptytoks=\toks15
\symAMSa=\mathgroup4
\symAMSb=\mathgroup5
LaTeX Font Info:    Overwriting math alphabet `\mathfrak' in version `bold'
(Font)                  U/euf/m/n --> U/euf/b/n on input line 132.
))
("C:\Program Files\MiKTeX 2.5\tex\latex\geometry\geometry.sty"
Package: geometry 2002/07/08 v3.2 Page Geometry
\Gm@cnth=\count111
\Gm@cntv=\count112
\c@Gm@tempcnt=\count113
\Gm@bindingoffset=\dimen153
\Gm@wd@mp=\dimen154
\Gm@odd@mp=\dimen155
\Gm@even@mp=\dimen156
\Gm@dimlist=\toks16

("C:\Program Files\MiKTeX 2.5\tex\latex\geometry\geometry.cfg"))
("C:\Program Files\MiKTeX 2.5\tex\latex\hyperref\hyperref.sty"
Package: hyperref 2006/09/06 v6.75e Hypertext links for LaTeX
\@linkdim=\dimen157
\Hy@linkcounter=\count114
\Hy@pagecounter=\count115

("C:\Program Files\MiKTeX 2.5\tex\latex\hyperref\pd1enc.def"
File: pd1enc.def 2006/09/06 v6.75e Hyperref: PDFDocEncoding definition (HO)
)
("C:\Program Files\MiKTeX 2.5\tex\latex\00miktex\hyperref.cfg"
File: hyperref.cfg 2006/02/14 v1.1 MiKTeX 'hyperref' configuration
)
("C:\Program Files\MiKTeX 2.5\tex\latex\oberdiek\kvoptions.sty"
Package: kvoptions 2006/08/22 v2.4 Connects package keyval with LaTeX options (
HO)
)
Package hyperref Info: Option `bookmarks' set `true' on input line 2073.
Package hyperref Info: Option `bookmarksopen' set `true' on input line 2073.
Package hyperref Info: Option `implicit' set `false' on input line 2073.
Package hyperref Info: Hyper figures OFF on input line 2123.
Package hyperref Info: Link nesting OFF on input line 2128.
Package hyperref Info: Hyper index ON on input line 2131.
Package hyperref Info: Plain pages OFF on input line 2138.
Package hyperref Info: Backreferencing OFF on input line 2143.

Implicit mode OFF; no redefinition of LaTeX internals
Package hyperref Info: Bookmarks ON on input line 2273.
("C:\Program Files\MiKTeX 2.5\tex\latex\ltxmisc\url.sty"
\Urlmuskip=\muskip10
Package: url 2005/06/27  ver 3.2  Verb mode for urls, etc.
)
LaTeX Info: Redefining \url on input line 2428.
\Fld@menulength=\count116
\Field@Width=\dimen158
\Fld@charsize=\dimen159
\Choice@toks=\toks17
\Field@toks=\toks18
Package hyperref Info: Hyper figures OFF on input line 2906.
Package hyperref Info: Link nesting OFF on input line 2911.
Package hyperref Info: Hyper index ON on input line 2914.
Package hyperref Info: backreferencing OFF on input line 2921.
Package hyperref Info: Link coloring OFF on input line 2926.
\Hy@abspage=\count117

Hyperref stopped early
)
*hyperref using default driver hdvips*
("C:\Program Files\MiKTeX 2.5\tex\latex\hyperref\hdvips.def"
File: hdvips.def 2006/09/06 v6.75e Hyperref driver for dvips

("C:\Program Files\MiKTeX 2.5\tex\latex\hyperref\pdfmark.def"
File: pdfmark.def 2006/09/06 v6.75e Hyperref definitions for pdfmark specials
\pdf@docset=\toks19
\pdf@box=\box37
\pdf@toks=\toks20
\pdf@defaulttoks=\toks21
\Fld@listcount=\count118
))
("C:\Program Files\MiKTeX 2.5\tex\latex\base\size10.clo"
File: size10.clo 2005/09/16 v1.4f Standard LaTeX file (size option)
)
("C:\Program Files\MiKTeX 2.5\tex\latex\beamer\base\beamerbasecompatibility.sty
"
Package: beamerbasecompatibility 2005/01/25  (rcs-revision 1.60)
) ("C:\Program Files\MiKTeX 2.5\tex\latex\beamer\base\beamerbasefont.sty"
Package: beamerbasefont 2005/05/17  (rcs-revision 1.15)
)
("C:\Program Files\MiKTeX 2.5\tex\latex\beamer\base\beamerbasemisc.sty"
Package: beamerbasemisc 2005/05/17  (rcs-revision 1.23)
)
("C:\Program Files\MiKTeX 2.5\tex\latex\beamer\base\beamerbasetwoscreens.sty"
Package: beamerbasetwoscreens 2005/10/14  (rcs-revision 1.6)
)
("C:\Program Files\MiKTeX 2.5\tex\latex\beamer\base\beamerbaseoverlay.sty"
Package: beamerbaseoverlay 2005/05/18  (rcs-revision 1.49)
\beamer@argscount=\count119
\beamer@lastskipcover=\skip42
\beamer@trivlistdepth=\count120
)
("C:\Program Files\MiKTeX 2.5\tex\latex\beamer\base\beamerbasetitle.sty"
Package: beamerbasetitle 2005/10/23  (rcs-revision 1.23)
)
("C:\Program Files\MiKTeX 2.5\tex\latex\beamer\base\beamerbasesection.sty"
Package: beamerbasesection 2005/04/20  (rcs-revision 1.18)
\c@lecture=\count121
\c@part=\count122
\c@section=\count123
\c@subsection=\count124
\c@subsubsection=\count125
)
("C:\Program Files\MiKTeX 2.5\tex\latex\beamer\base\beamerbaseframe.sty"
Package: beamerbaseframe 2005/06/02  (rcs-revision 1.58)
\beamer@framebox=\box38
\beamer@frametitlebox=\box39
\beamer@zoombox=\box40
\beamer@zoomcount=\count126
\beamer@zoomframecount=\count127
\beamer@frametextheight=\dimen160
\c@subsectionslide=\count128
\beamer@frametopskip=\skip43
\beamer@framebottomskip=\skip44
\beamer@frametopskipautobreak=\skip45
\beamer@framebottomskipautobreak=\skip46
\beamer@envbody=\toks22
\c@framenumber=\count129
)
("C:\Program Files\MiKTeX 2.5\tex\latex\beamer\base\beamerbaseverbatim.sty"
Package: beamerbaseverbatim 2005/04/12  (rcs-revision 1.6)
\beamer@verbatimfileout=\write3
)
("C:\Program Files\MiKTeX 2.5\tex\latex\beamer\base\beamerbaseframesize.sty"
Package: beamerbaseframesize 2005/06/09  (rcs-revision 1.17)
\beamer@splitbox=\box41
\beamer@autobreakcount=\count130
\beamer@autobreaklastheight=\dimen161
\beamer@frametitletoks=\toks23
\beamer@framesubtitletoks=\toks24
)
("C:\Program Files\MiKTeX 2.5\tex\latex\beamer\base\beamerbaseframecomponents.s
ty"
Package: beamerbaseframecomponents 2004/11/08  (rcs-revision 1.40)
\beamer@footins=\box42
) ("C:\Program Files\MiKTeX 2.5\tex\latex\beamer\base\beamerbasecolor.sty"
Package: beamerbasecolor 2005/01/25  (rcs-revision 1.41)
)
("C:\Program Files\MiKTeX 2.5\tex\latex\beamer\base\beamerbasenotes.sty"
Package: beamerbasenotes 2005/10/14  (rcs-revision 1.22)
\beamer@frameboxcopy=\box43
)
("C:\Program Files\MiKTeX 2.5\tex\latex\beamer\base\beamerbasetoc.sty"
Package: beamerbasetoc 2004/12/09  (rcs-revision 1.20)
)
("C:\Program Files\MiKTeX 2.5\tex\latex\beamer\base\beamerbasetemplates.sty"
Package: beamerbasetemplates 2004/10/07  (rcs-revision 1.50)
\beamer@sbttoks=\toks25

("C:\Program Files\MiKTeX 2.5\tex\latex\beamer\base\beamerbaseauxtemplates.sty"
Package: beamerbaseauxtemplates 2005/06/09  (rcs-revision 1.27)
("C:\Program Files\MiKTeX 2.5\tex\latex\beamer\base\beamerbaseboxes.sty"
Package: beamerbaseboxes 2005/06/09  (rcs-revision 1.28)
\bmb@box=\box44
\bmb@colorbox=\box45
\bmb@boxshadow=\box46
\bmb@boxshadowball=\box47
\bmb@boxshadowballlarge=\box48
\bmb@temp=\dimen162
\bmb@dima=\dimen163
\bmb@dimb=\dimen164
\bmb@prevheight=\dimen165
)
\beamer@blockheadheight=\dimen166
))
("C:\Program Files\MiKTeX 2.5\tex\latex\beamer\base\beamerbaselocalstructure.st
y"
Package: beamerbaselocalstructure 2005/04/20  (rcs-revision 1.51)
 ("C:\Program Files\MiKTeX 2.5\tex\latex\tools\enumerate.sty"
Package: enumerate 1999/03/05 v3.00 enumerate extensions (DPC)
\@enLab=\toks26
)
\c@figure=\count131
\c@table=\count132
\abovecaptionskip=\skip47
\belowcaptionskip=\skip48
)
("C:\Program Files\MiKTeX 2.5\tex\latex\beamer\base\beamerbasenavigation.sty"
Package: beamerbasenavigation 2005/06/01  (rcs-revision 1.34)
)
("C:\Program Files\MiKTeX 2.5\tex\latex\beamer\base\beamerbasetheorems.sty"
Package: beamerbasetheorems 2005/04/04  (rcs-revision 1.7)

("C:\Program Files\MiKTeX 2.5\tex\latex\amsmath\amsmath.sty"
Package: amsmath 2000/07/18 v2.13 AMS math features
\@mathmargin=\skip49

For additional information on amsmath, use the `?' option.
("C:\Program Files\MiKTeX 2.5\tex\latex\amsmath\amstext.sty"
Package: amstext 2000/06/29 v2.01

("C:\Program Files\MiKTeX 2.5\tex\latex\amsmath\amsgen.sty"
File: amsgen.sty 1999/11/30 v2.0
\@emptytoks=\toks27
\ex@=\dimen167
))
("C:\Program Files\MiKTeX 2.5\tex\latex\amsmath\amsbsy.sty"
Package: amsbsy 1999/11/29 v1.2d
\pmbraise@=\dimen168
)
("C:\Program Files\MiKTeX 2.5\tex\latex\amsmath\amsopn.sty"
Package: amsopn 1999/12/14 v2.01 operator names
)
\inf@bad=\count133
LaTeX Info: Redefining \frac on input line 211.
\uproot@=\count134
\leftroot@=\count135
LaTeX Info: Redefining \overline on input line 307.
\classnum@=\count136
\DOTSCASE@=\count137
LaTeX Info: Redefining \ldots on input line 379.
LaTeX Info: Redefining \dots on input line 382.
LaTeX Info: Redefining \cdots on input line 467.
\Mathstrutbox@=\box49
\strutbox@=\box50
\big@size=\dimen169
LaTeX Font Info:    Redeclaring font encoding OML on input line 567.
LaTeX Font Info:    Redeclaring font encoding OMS on input line 568.
\macc@depth=\count138
\c@MaxMatrixCols=\count139
\dotsspace@=\muskip11
\c@parentequation=\count140
\dspbrk@lvl=\count141
\tag@help=\toks28
\row@=\count142
\column@=\count143
\maxfields@=\count144
\andhelp@=\toks29
\eqnshift@=\dimen170
\alignsep@=\dimen171
\tagshift@=\dimen172
\tagwidth@=\dimen173
\totwidth@=\dimen174
\lineht@=\dimen175
\@envbody=\toks30
\multlinegap=\skip50
\multlinetaggap=\skip51
\mathdisplay@stack=\toks31
LaTeX Info: Redefining \[ on input line 2666.
LaTeX Info: Redefining \] on input line 2667.
)
("C:\Program Files\MiKTeX 2.5\tex\latex\amscls\amsthm.sty"
Package: amsthm 2004/08/06 v2.20
\thm@style=\toks32
\thm@bodyfont=\toks33
\thm@headfont=\toks34
\thm@notefont=\toks35
\thm@headpunct=\toks36
\thm@preskip=\skip52
\thm@postskip=\skip53
\thm@headsep=\skip54
\dth@everypar=\toks37
)
\c@theorem=\count145
)
("C:\Program Files\MiKTeX 2.5\tex\latex\beamer\base\beamerbasethemes.sty"
Package: beamerbasethemes 2004/10/07  (rcs-revision 1.9)
)
("C:\Program Files\MiKTeX 2.5\tex\latex\beamer\themes\theme\beamerthemedefault.
sty"
Package: beamerthemedefault 2004/10/07  (rcs-revision 1.6)

("C:\Program Files\MiKTeX 2.5\tex\latex\beamer\themes\font\beamerfontthemedefau
lt.sty"
Package: beamerfontthemedefault 2005/03/15  (rcs-revision 1.12)
)
("C:\Program Files\MiKTeX 2.5\tex\latex\beamer\themes\color\beamercolorthemedef
ault.sty"
Package: beamercolorthemedefault 2005/03/15  (rcs-revision 1.27)
)
("C:\Program Files\MiKTeX 2.5\tex\latex\beamer\themes\inner\beamerinnerthemedef
ault.sty"
Package: beamerinnerthemedefault 2005/06/17  (rcs-revision 1.19)
\beamer@dima=\dimen176
\beamer@dimb=\dimen177
)
("C:\Program Files\MiKTeX 2.5\tex\latex\beamer\themes\outer\beamerouterthemedef
ault.sty"
Package: beamerouterthemedefault 2005/06/09  (rcs-revision 1.13)
)))

Package hyperref Warning: Token not allowed in a PDFDocEncoded string,
(hyperref)                removing `\\' on input line 12.

(latex_math.aux)
LaTeX Font Info:    Checking defaults for OML/cmm/m/it on input line 16.
LaTeX Font Info:    ... okay on input line 16.
LaTeX Font Info:    Checking defaults for T1/cmr/m/n on input line 16.
LaTeX Font Info:    ... okay on input line 16.
LaTeX Font Info:    Checking defaults for OT1/cmr/m/n on input line 16.
LaTeX Font Info:    ... okay on input line 16.
LaTeX Font Info:    Checking defaults for OMS/cmsy/m/n on input line 16.
LaTeX Font Info:    ... okay on input line 16.
LaTeX Font Info:    Checking defaults for OMX/cmex/m/n on input line 16.
LaTeX Font Info:    ... okay on input line 16.
LaTeX Font Info:    Checking defaults for U/cmr/m/n on input line 16.
LaTeX Font Info:    ... okay on input line 16.
LaTeX Font Info:    Checking defaults for PD1/pdf/m/n on input line 16.
LaTeX Font Info:    ... okay on input line 16.
-------------------- Geometry parameters
paper: user defined
landscape: --
twocolumn: --
twoside: --
asymmetric: --
h-parts: 28.45274pt, 307.28987pt, 28.45274pt
v-parts: 0.0pt, 273.14662pt, 0.0pt
hmarginratio: --
vmarginratio: --
lines: --
heightrounded: --
bindingoffset: 0.0pt
truedimen: --
includehead: true
includefoot: true
includemp: --
driver: 
-------------------- Page layout dimensions and switches
\paperwidth  364.19536pt
\paperheight 273.14662pt
\textwidth  307.28987pt
\textheight 244.6939pt
\oddsidemargin  -43.81725pt
\evensidemargin -43.81725pt
\topmargin  -72.26999pt
\headheight 14.22636pt
\headsep    0.0pt
\footskip   14.22636pt
\marginparwidth 3.0pt
\marginparsep   11.0pt
\columnsep  10.0pt
\skip\footins  9.0pt plus 4.0pt minus 2.0pt
\hoffset 0.0pt
\voffset 0.0pt
\mag 1000

(1in=72.27pt, 1cm=28.45pt)
-----------------------
Package hyperref Info: Link coloring OFF on input line 16.
 ("C:\Program Files\MiKTeX 2.5\tex\latex\hyperref\nameref.sty"
Package: nameref 2006/08/15 v2.26 Cross-referencing by name of section

("C:\Program Files\MiKTeX 2.5\tex\latex\oberdiek\refcount.sty"
Package: refcount 2006/02/20 v3.0 Data extraction from references (HO)
)
\c@section@level=\count146
)
LaTeX Info: Redefining \ref on input line 16.
LaTeX Info: Redefining \pageref on input line 16.

(latex_math.out) (latex_math.out)
\@outlinefile=\write4
LaTeX Font Info:    Overwriting symbol font `operators' in version `normal'
(Font)                  OT1/cmr/m/n --> OT1/cmss/m/n on input line 16.
LaTeX Font Info:    Overwriting symbol font `operators' in version `bold'
(Font)                  OT1/cmr/bx/n --> OT1/cmss/bx/n on input line 16.
\symnumbers=\mathgroup6
\sympureletters=\mathgroup7
LaTeX Font Info:    Overwriting math alphabet `\mathrm' in version `normal'
(Font)                  OT1/cmss/m/n --> OT1/cmr/m/n on input line 16.
LaTeX Font Info:    Redeclaring math alphabet \mathbf on input line 16.
LaTeX Font Info:    Overwriting math alphabet `\mathbf' in version `normal'
(Font)                  OT1/cmr/bx/n --> OT1/cmss/bx/n on input line 16.
LaTeX Font Info:    Overwriting math alphabet `\mathbf' in version `bold'
(Font)                  OT1/cmr/bx/n --> OT1/cmss/bx/n on input line 16.
LaTeX Font Info:    Redeclaring math alphabet \mathsf on input line 16.
LaTeX Font Info:    Overwriting math alphabet `\mathsf' in version `normal'
(Font)                  OT1/cmss/m/n --> OT1/cmss/m/n on input line 16.
LaTeX Font Info:    Overwriting math alphabet `\mathsf' in version `bold'
(Font)                  OT1/cmss/bx/n --> OT1/cmss/m/n on input line 16.
LaTeX Font Info:    Redeclaring math alphabet \mathit on input line 16.
LaTeX Font Info:    Overwriting math alphabet `\mathit' in version `normal'
(Font)                  OT1/cmr/m/it --> OT1/cmss/m/it on input line 16.
LaTeX Font Info:    Overwriting math alphabet `\mathit' in version `bold'
(Font)                  OT1/cmr/bx/it --> OT1/cmss/m/it on input line 16.
LaTeX Font Info:    Redeclaring math alphabet \mathtt on input line 16.
LaTeX Font Info:    Overwriting math alphabet `\mathtt' in version `normal'
(Font)                  OT1/cmtt/m/n --> OT1/cmtt/m/n on input line 16.
LaTeX Font Info:    Overwriting math alphabet `\mathtt' in version `bold'
(Font)                  OT1/cmtt/m/n --> OT1/cmtt/m/n on input line 16.
LaTeX Font Info:    Overwriting symbol font `numbers' in version `bold'
(Font)                  OT1/cmss/m/n --> OT1/cmss/bx/n on input line 16.
LaTeX Font Info:    Overwriting symbol font `pureletters' in version `bold'
(Font)                  OT1/cmss/m/it --> OT1/cmss/bx/it on input line 16.
LaTeX Font Info:    Overwriting math alphabet `\mathrm' in version `bold'
(Font)                  OT1/cmss/bx/n --> OT1/cmr/bx/n on input line 16.
LaTeX Font Info:    Overwriting math alphabet `\mathbf' in version `bold'
(Font)                  OT1/cmss/bx/n --> OT1/cmss/bx/n on input line 16.
LaTeX Font Info:    Overwriting math alphabet `\mathsf' in version `bold'
(Font)                  OT1/cmss/m/n --> OT1/cmss/bx/n on input line 16.
LaTeX Font Info:    Overwriting math alphabet `\mathit' in version `bold'
(Font)                  OT1/cmss/m/it --> OT1/cmss/bx/it on input line 16.
LaTeX Font Info:    Overwriting math alphabet `\mathtt' in version `bold'
(Font)                  OT1/cmtt/m/n --> OT1/cmtt/bx/n on input line 16.
 (latex_math.nav)
LaTeX Font Info:    Try loading font information for U+msa on input line 17.

("C:\Program Files\MiKTeX 2.5\tex\latex\amsfonts\umsa.fd"
File: umsa.fd 2002/01/19 v2.2g AMS font definitions
)
LaTeX Font Info:    Try loading font information for U+msb on input line 17.

("C:\Program Files\MiKTeX 2.5\tex\latex\amsfonts\umsb.fd"
File: umsb.fd 2002/01/19 v2.2g AMS font definitions
)

LaTeX Font Warning: Font shape `OT1/cmss/m/n' in size <4> not available
(Font)              size <5> substituted on input line 17.

[1

]
LaTeX Font Info:    Try loading font information for OMS+cmss on input line 36.

LaTeX Font Info:    No file OMScmss.fd. on input line 36.


LaTeX Font Warning: Font shape `OMS/cmss/m/n' undefined
(Font)              using `OMS/cmsy/m/n' instead
(Font)              for symbol `textbraceleft' on input line 36.

[2

] [3

] (latex_math.vrb
Overfull \hbox (60.20692pt too wide) in paragraph at lines 14--14
[] \OT1/cmtt/m/n/10 \beta                \vartheta           \pi               
  \upsilon[] 
 []


Overfull \hbox (39.2071pt too wide) in paragraph at lines 14--14
[] \OT1/cmtt/m/n/10 \gamma               \gamma              \varpi            
  \phi[] 
 []


Overfull \hbox (54.95697pt too wide) in paragraph at lines 14--14
[] \OT1/cmtt/m/n/10 \delta               \kappa              \rho              
  \varphi[] 
 []


Overfull \hbox (39.2071pt too wide) in paragraph at lines 14--14
[] \OT1/cmtt/m/n/10 \epsilon             \lambda             \varrho           
  \chi[] 
 []


Overfull \hbox (39.2071pt too wide) in paragraph at lines 14--14
[] \OT1/cmtt/m/n/10 \varepsilon          \mu                 \sigma            
  \psi[] 
 []


Overfull \hbox (49.70702pt too wide) in paragraph at lines 14--14
[] \OT1/cmtt/m/n/10 \zeta                \nu                 \varsigma         
  \omega[] 
 []


Overfull \hbox (39.2071pt too wide) in paragraph at lines 14--14
[] \OT1/cmtt/m/n/10 \Gamma               \Lambda             \Sigma            
  \Psi[] 
 []


Overfull \hbox (49.70702pt too wide) in paragraph at lines 14--14
[] \OT1/cmtt/m/n/10 \Delta               \Xi                 \Upsilon          
  \Omega[] 
 []

) [4

] (latex_math.vrb
Overfull \hbox (91.70665pt too wide) in paragraph at lines 13--13
[][] \OT1/cmtt/m/n/10 \pm                  \cap                \diamond        
            \oplus[] 
 []


Overfull \hbox (96.9566pt too wide) in paragraph at lines 13--13
[] \OT1/cmtt/m/n/10 \mp                  \cup                \bigtriangleup    
          \ominus[] 
 []


Overfull \hbox (96.9566pt too wide) in paragraph at lines 13--13
[] \OT1/cmtt/m/n/10 \times               \uplus              \bigtriangledown  
          \otimes[] 
 []


Overfull \hbox (96.9566pt too wide) in paragraph at lines 13--13
[] \OT1/cmtt/m/n/10 \div                 \sqcap              \triangleleft     
          \oslash[] 
 []


Overfull \hbox (86.4567pt too wide) in paragraph at lines 13--13
[] \OT1/cmtt/m/n/10 \ast                 \sqcup              \triangleright    
          \odot[] 
 []


Overfull \hbox (91.70665pt too wide) in paragraph at lines 13--13
[] \OT1/cmtt/m/n/10 \star                \vee                \lhd^b            
        \bigcirc[] 
 []


Overfull \hbox (86.4567pt too wide) in paragraph at lines 13--13
[] \OT1/cmtt/m/n/10 \circ                \wedge              \rhd^b            
        \dagger[] 
 []


Overfull \hbox (91.70665pt too wide) in paragraph at lines 13--13
[] \OT1/cmtt/m/n/10 \bullet              \setminus           \unlhd^b          
        \ddagger[] 
 []


Overfull \hbox (81.20674pt too wide) in paragraph at lines 13--13
[] \OT1/cmtt/m/n/10 \cdot                \wr                 \unrhd^b          
        \amalg[] 
 []

) [5

] (latex_math.vrb
Overfull \hbox (54.95697pt too wide) in paragraph at lines 14--14
[][] \OT1/cmtt/m/n/10 \leq                 \geq                \equiv          
    \models[] 
 []


Overfull \hbox (44.45706pt too wide) in paragraph at lines 14--14
[] \OT1/cmtt/m/n/10 \prec                \succ               \sim              
  \perp[] 
 []


Overfull \hbox (39.2071pt too wide) in paragraph at lines 14--14
[] \OT1/cmtt/m/n/10 \preceq              \succeq             \simeq            
  \mid[] 
 []


Overfull \hbox (65.45688pt too wide) in paragraph at lines 14--14
[] \OT1/cmtt/m/n/10 \ll                  \gg                 \asymp            
  \parallel[] 
 []


Overfull \hbox (54.95697pt too wide) in paragraph at lines 14--14
[] \OT1/cmtt/m/n/10 \subset              \supset             \approx           
  \bowtie[] 
 []


Overfull \hbox (65.45688pt too wide) in paragraph at lines 14--14
[] \OT1/cmtt/m/n/10 \subseteq            \supseteq           \cong             
  \Join$^b$[] 
 []


Overfull \hbox (49.70702pt too wide) in paragraph at lines 14--14
[] \OT1/cmtt/m/n/10 \sqsubset$^b$        \sqsupset$^b$       \neq              
  \smile[] 
 []


Overfull \hbox (49.70702pt too wide) in paragraph at lines 14--14
[] \OT1/cmtt/m/n/10 \sqsubseteq          \sqsupseteq         \doteq            
  \frown[] 
 []


Overfull \hbox (23.45724pt too wide) in paragraph at lines 14--14
[] \OT1/cmtt/m/n/10 \in                  \ni                 \propto           
  =[] 
 []


Overfull \hbox (23.45724pt too wide) in paragraph at lines 14--14
[] \OT1/cmtt/m/n/10 \vdash               \dashv              <                 
  >[] 
 []

) [6

] [7

] (latex_math.vrb
Missing character: There is no ’ in font cmtt10!
Missing character: There is no ’ in font cmtt10!
Missing character: There is no ’ in font cmtt10!
Missing character: There is no ’ in font cmtt10!
Missing character: There is no ’ in font cmtt10!
Missing character: There is no ’ in font cmtt10!
Missing character: There is no ’ in font cmtt10!
Missing character: There is no ’ in font cmtt10!
Missing character: There is no ’ in font cmtt10!
Missing character: There is no ’ in font cmtt10!
Missing character: There is no ’ in font cmtt10!
Missing character: There is no ’ in font cmss10!
Missing character: There is no ’ in font cmss10!
Missing character: There is no ’ in font cmss10!
Missing character: There is no ’ in font cmss10!
Missing character: There is no ’ in font cmss10!
Missing character: There is no ’ in font cmss10!
Missing character: There is no ’ in font cmss10!
Missing character: There is no ’ in font cmss10!
Missing character: There is no ’ in font cmss10!
Missing character: There is no ’ in font cmss10!
Missing character: There is no ’ in font cmss10!
Missing character: There is no ’ in font cmss10!
Missing character: There is no ’ in font cmss10!
Missing character: There is no ’ in font cmss10!
Missing character: There is no ’ in font cmss10!
Missing character: There is no ’ in font cmss10!
Missing character: There is no ’ in font cmss10!
Missing character: There is no ’ in font cmss10!
Missing character: There is no ’ in font cmss10!
Missing character: There is no ’ in font cmss10!
Missing character: There is no ’ in font cmss10!
Missing character: There is no ’ in font cmss10!
) [8

] (latex_math.vrb) [9

] (latex_math.vrb) [10

]
(latex_math.vrb) [11

] (latex_math.vrb
Overfull \hbox (33.95715pt too wide) in paragraph at lines 17--17
[][]\OT1/cmtt/m/n/10 \cfrac{1}{\sqrt{2}+ \cfrac{1}{\sqrt{2}+ \cfrac{1}{\sqrt{2}
+\dotsb[] 
 []

) [12

] (latex_math.vrb) [13

] (latex_math.vrb
\c@prop=\count147
) [14

]
\tf@nav=\write5
\tf@toc=\write6
\tf@snm=\write7
 (latex_math.aux)

LaTeX Font Warning: Size substitutions with differences
(Font)              up to 1.0pt have occurred.


LaTeX Font Warning: Some font shapes were not available, defaults substituted.

 ) 
Here is how much of TeX's memory you used:
 8088 strings out of 95420
 136242 string characters out of 1187325
 237923 words of memory out of 1233431
 10678 multiletter control sequences out of 60000
 9996 words of font info for 38 fonts, out of 1000000 for 2000
 14 hyphenation exceptions out of 8191
 41i,14n,51p,369b,505s stack positions out of 5000i,500n,10000p,200000b,32768s

Output written on latex_math.dvi (14 pages, 124028 bytes).
